2024-09-09T10:25:37.251+09:00  INFO 12400 --- [main] o.m.e.EurekaServerApplication            : The following 1 profile is active: "local"
2024-09-09T10:25:37.804+09:00  INFO 12400 --- [main] o.s.cloud.context.scope.GenericScope     : BeanFactory id=e12ec92d-2836-3eeb-9641-f901557c6854
2024-09-09T10:25:37.962+09:00  INFO 12400 --- [main] o.s.b.w.embedded.tomcat.TomcatWebServer  : Tomcat initialized with port(s): 8761 (http)
2024-09-09T10:25:37.969+09:00  INFO 12400 --- [main] o.apache.catalina.core.StandardService   : Starting service [Tomcat]
2024-09-09T10:25:37.969+09:00  INFO 12400 --- [main] o.apache.catalina.core.StandardEngine    : Starting Servlet engine: [Apache Tomcat/10.1.5]
2024-09-09T10:25:38.051+09:00  INFO 12400 --- [main] o.a.c.c.C.[Tomcat].[localhost].[/]       : Initializing Spring embedded WebApplicationContext
2024-09-09T10:25:38.059+09:00  INFO 12400 --- [main] w.s.c.ServletWebServerApplicationContext : Root WebApplicationContext: initialization completed in 787 ms
2024-09-09T10:25:38.629+09:00  INFO 12400 --- [main] c.n.d.provider.DiscoveryJerseyProvider   : Using JSON encoding codec LegacyJacksonJson
2024-09-09T10:25:38.630+09:00  INFO 12400 --- [main] c.n.d.provider.DiscoveryJerseyProvider   : Using JSON decoding codec LegacyJacksonJson
2024-09-09T10:25:38.741+09:00  INFO 12400 --- [main] c.n.d.provider.DiscoveryJerseyProvider   : Using XML encoding codec XStreamXml
2024-09-09T10:25:38.742+09:00  INFO 12400 --- [main] c.n.d.provider.DiscoveryJerseyProvider   : Using XML decoding codec XStreamXml
2024-09-09T10:25:39.379+09:00  INFO 12400 --- [main] DiscoveryClientOptionalArgsConfiguration : Eureka HTTP Client uses RestTemplate.
2024-09-09T10:25:39.401+09:00  WARN 12400 --- [main] iguration$LoadBalancerCaffeineWarnLogger : Spring Cloud LoadBalancer is currently working with the default cache. While this cache implementation is useful for development and tests, it's recommended to use Caffeine cache in production.You can switch to using Caffeine cache, by adding it and org.springframework.cache.caffeine.CaffeineCacheManager to the classpath.
2024-09-09T10:25:39.415+09:00  INFO 12400 --- [main] o.s.c.n.eureka.InstanceInfoFactory       : Setting initial instance status as: STARTING
2024-09-09T10:25:39.433+09:00  INFO 12400 --- [main] com.netflix.discovery.DiscoveryClient    : Initializing Eureka in region us-east-1
2024-09-09T10:25:39.433+09:00  INFO 12400 --- [main] com.netflix.discovery.DiscoveryClient    : Client configured to neither register nor query for data.
2024-09-09T10:25:39.439+09:00  INFO 12400 --- [main] com.netflix.discovery.DiscoveryClient    : Discovery Client initialized at timestamp 1725845139438 with initial instances count: 0
2024-09-09T10:25:39.464+09:00  INFO 12400 --- [main] c.n.eureka.DefaultEurekaServerContext    : Initializing ...
2024-09-09T10:25:39.465+09:00  WARN 12400 --- [main] c.n.eureka.cluster.PeerEurekaNodes       : The replica size seems to be empty. Check the route 53 DNS Registry
2024-09-09T10:25:39.476+09:00  INFO 12400 --- [main] c.n.e.registry.AbstractInstanceRegistry  : Finished initializing remote region registries. All known remote regions: []
2024-09-09T10:25:39.477+09:00  INFO 12400 --- [main] c.n.eureka.DefaultEurekaServerContext    : Initialized
2024-09-09T10:25:39.481+09:00  INFO 12400 --- [main] o.s.b.a.e.web.EndpointLinksResolver      : Exposing 17 endpoint(s) beneath base path '/actuator'
2024-09-09T10:25:39.525+09:00  INFO 12400 --- [main] o.s.c.n.e.s.EurekaServiceRegistry        : Registering application EUREKA-SERVER with eureka with status UP
2024-09-09T10:25:39.532+09:00  INFO 12400 --- [Thread-10] o.s.c.n.e.server.EurekaServerBootstrap   : isAws returned false
2024-09-09T10:25:39.533+09:00  INFO 12400 --- [Thread-10] o.s.c.n.e.server.EurekaServerBootstrap   : Initialized server context
2024-09-09T10:25:39.533+09:00  INFO 12400 --- [Thread-10] c.n.e.r.PeerAwareInstanceRegistryImpl    : Got 1 instances from neighboring DS node
2024-09-09T10:25:39.533+09:00  INFO 12400 --- [Thread-10] c.n.e.r.PeerAwareInstanceRegistryImpl    : Renew threshold is: 1
2024-09-09T10:25:39.533+09:00  INFO 12400 --- [Thread-10] c.n.e.r.PeerAwareInstanceRegistryImpl    : Changing status to UP
2024-09-09T10:25:39.539+09:00  INFO 12400 --- [Thread-10] e.s.EurekaServerInitializerConfiguration : Started Eureka Server
2024-09-09T10:25:39.543+09:00  INFO 12400 --- [main] o.s.b.w.embedded.tomcat.TomcatWebServer  : Tomcat started on port(s): 8761 (http) with context path ''
2024-09-09T10:25:39.543+09:00  INFO 12400 --- [main] .s.c.n.e.s.EurekaAutoServiceRegistration : Updating port to 8761
2024-09-09T10:25:39.621+09:00  INFO 12400 --- [main] o.m.e.EurekaServerApplication            : Started EurekaServerApplication in 3.382 seconds (process running for 3.793)
2024-09-09T10:25:40.049+09:00  INFO 12400 --- [RMI TCP Connection(2)-172.16.10.156] o.a.c.c.C.[Tomcat].[localhost].[/]       : Initializing Spring DispatcherServlet 'dispatcherServlet'
2024-09-09T10:25:40.050+09:00  INFO 12400 --- [RMI TCP Connection(2)-172.16.10.156] o.s.web.servlet.DispatcherServlet        : Initializing Servlet 'dispatcherServlet'
2024-09-09T10:25:40.050+09:00  INFO 12400 --- [RMI TCP Connection(2)-172.16.10.156] o.s.web.servlet.DispatcherServlet        : Completed initialization in 0 ms
2024-09-09T10:25:59.565+09:00  INFO 12400 --- [SpringApplicationShutdownHook] o.s.c.n.e.s.EurekaServiceRegistry        : Unregistering application EUREKA-SERVER with eureka with status DOWN
2024-09-09T10:25:59.595+09:00  INFO 12400 --- [SpringApplicationShutdownHook] o.s.c.n.e.server.EurekaServerBootstrap   : Shutting down Eureka Server..
2024-09-09T10:25:59.598+09:00  INFO 12400 --- [SpringApplicationShutdownHook] c.n.eureka.DefaultEurekaServerContext    : Shutting down ...
2024-09-09T10:25:59.604+09:00  INFO 12400 --- [SpringApplicationShutdownHook] c.n.eureka.DefaultEurekaServerContext    : Shut down
2024-09-09T10:25:59.604+09:00  INFO 12400 --- [SpringApplicationShutdownHook] o.s.c.n.e.server.EurekaServerBootstrap   : Eureka Service is now shutdown...
2024-09-09T10:25:59.604+09:00  INFO 12400 --- [SpringApplicationShutdownHook] c.n.eureka.DefaultEurekaServerContext    : Shutting down ...
2024-09-09T10:25:59.608+09:00  INFO 12400 --- [SpringApplicationShutdownHook] c.n.eureka.DefaultEurekaServerContext    : Shut down
2024-09-09T10:25:59.612+09:00  INFO 12400 --- [SpringApplicationShutdownHook] com.netflix.discovery.DiscoveryClient    : Shutting down DiscoveryClient ...
2024-09-09T10:25:59.613+09:00  INFO 12400 --- [SpringApplicationShutdownHook] com.netflix.discovery.DiscoveryClient    : Completed shut down of DiscoveryClient
2024-09-09T10:26:47.781+09:00  INFO 21840 --- [main] o.m.e.EurekaServerApplication            : The following 1 profile is active: "local"
2024-09-09T10:26:48.311+09:00  INFO 21840 --- [main] o.s.cloud.context.scope.GenericScope     : BeanFactory id=0a912fd3-4def-3945-aeaa-399f6073ed6f
2024-09-09T10:26:48.464+09:00  INFO 21840 --- [main] o.s.b.w.embedded.tomcat.TomcatWebServer  : Tomcat initialized with port(s): 8761 (http)
2024-09-09T10:26:48.470+09:00  INFO 21840 --- [main] o.apache.catalina.core.StandardService   : Starting service [Tomcat]
2024-09-09T10:26:48.470+09:00  INFO 21840 --- [main] o.apache.catalina.core.StandardEngine    : Starting Servlet engine: [Apache Tomcat/10.1.5]
2024-09-09T10:26:48.548+09:00  INFO 21840 --- [main] o.a.c.c.C.[Tomcat].[localhost].[/]       : Initializing Spring embedded WebApplicationContext
2024-09-09T10:26:48.549+09:00  INFO 21840 --- [main] w.s.c.ServletWebServerApplicationContext : Root WebApplicationContext: initialization completed in 755 ms
2024-09-09T10:26:49.112+09:00  INFO 21840 --- [main] c.n.d.provider.DiscoveryJerseyProvider   : Using JSON encoding codec LegacyJacksonJson
2024-09-09T10:26:49.113+09:00  INFO 21840 --- [main] c.n.d.provider.DiscoveryJerseyProvider   : Using JSON decoding codec LegacyJacksonJson
2024-09-09T10:26:49.225+09:00  INFO 21840 --- [main] c.n.d.provider.DiscoveryJerseyProvider   : Using XML encoding codec XStreamXml
2024-09-09T10:26:49.225+09:00  INFO 21840 --- [main] c.n.d.provider.DiscoveryJerseyProvider   : Using XML decoding codec XStreamXml
2024-09-09T10:26:49.834+09:00  INFO 21840 --- [main] DiscoveryClientOptionalArgsConfiguration : Eureka HTTP Client uses RestTemplate.
2024-09-09T10:26:49.857+09:00  WARN 21840 --- [main] iguration$LoadBalancerCaffeineWarnLogger : Spring Cloud LoadBalancer is currently working with the default cache. While this cache implementation is useful for development and tests, it's recommended to use Caffeine cache in production.You can switch to using Caffeine cache, by adding it and org.springframework.cache.caffeine.CaffeineCacheManager to the classpath.
2024-09-09T10:26:49.868+09:00  INFO 21840 --- [main] o.s.c.n.eureka.InstanceInfoFactory       : Setting initial instance status as: STARTING
2024-09-09T10:26:49.886+09:00  INFO 21840 --- [main] com.netflix.discovery.DiscoveryClient    : Initializing Eureka in region us-east-1
2024-09-09T10:26:49.886+09:00  INFO 21840 --- [main] com.netflix.discovery.DiscoveryClient    : Client configured to neither register nor query for data.
2024-09-09T10:26:49.892+09:00  INFO 21840 --- [main] com.netflix.discovery.DiscoveryClient    : Discovery Client initialized at timestamp 1725845209891 with initial instances count: 0
2024-09-09T10:26:49.914+09:00  INFO 21840 --- [main] c.n.eureka.DefaultEurekaServerContext    : Initializing ...
2024-09-09T10:26:49.916+09:00  WARN 21840 --- [main] c.n.eureka.cluster.PeerEurekaNodes       : The replica size seems to be empty. Check the route 53 DNS Registry
2024-09-09T10:26:49.926+09:00  INFO 21840 --- [main] c.n.e.registry.AbstractInstanceRegistry  : Finished initializing remote region registries. All known remote regions: []
2024-09-09T10:26:49.926+09:00  INFO 21840 --- [main] c.n.eureka.DefaultEurekaServerContext    : Initialized
2024-09-09T10:26:49.930+09:00  INFO 21840 --- [main] o.s.b.a.e.web.EndpointLinksResolver      : Exposing 1 endpoint(s) beneath base path '/actuator'
2024-09-09T10:26:49.972+09:00  INFO 21840 --- [main] o.s.c.n.e.s.EurekaServiceRegistry        : Registering application EUREKA-SERVER with eureka with status UP
2024-09-09T10:26:49.980+09:00  INFO 21840 --- [Thread-10] o.s.c.n.e.server.EurekaServerBootstrap   : isAws returned false
2024-09-09T10:26:49.981+09:00  INFO 21840 --- [Thread-10] o.s.c.n.e.server.EurekaServerBootstrap   : Initialized server context
2024-09-09T10:26:49.981+09:00  INFO 21840 --- [Thread-10] c.n.e.r.PeerAwareInstanceRegistryImpl    : Got 1 instances from neighboring DS node
2024-09-09T10:26:49.981+09:00  INFO 21840 --- [Thread-10] c.n.e.r.PeerAwareInstanceRegistryImpl    : Renew threshold is: 1
2024-09-09T10:26:49.981+09:00  INFO 21840 --- [Thread-10] c.n.e.r.PeerAwareInstanceRegistryImpl    : Changing status to UP
2024-09-09T10:26:49.988+09:00  INFO 21840 --- [Thread-10] e.s.EurekaServerInitializerConfiguration : Started Eureka Server
2024-09-09T10:26:49.988+09:00  INFO 21840 --- [main] o.s.b.w.embedded.tomcat.TomcatWebServer  : Tomcat started on port(s): 8761 (http) with context path ''
2024-09-09T10:26:49.989+09:00  INFO 21840 --- [main] .s.c.n.e.s.EurekaAutoServiceRegistration : Updating port to 8761
2024-09-09T10:26:50.060+09:00  INFO 21840 --- [main] o.m.e.EurekaServerApplication            : Started EurekaServerApplication in 3.252 seconds (process running for 3.652)
2024-09-09T10:26:50.645+09:00  INFO 21840 --- [RMI TCP Connection(2)-172.16.10.156] o.a.c.c.C.[Tomcat].[localhost].[/]       : Initializing Spring DispatcherServlet 'dispatcherServlet'
2024-09-09T10:26:50.645+09:00  INFO 21840 --- [RMI TCP Connection(2)-172.16.10.156] o.s.web.servlet.DispatcherServlet        : Initializing Servlet 'dispatcherServlet'
2024-09-09T10:26:50.646+09:00  INFO 21840 --- [RMI TCP Connection(2)-172.16.10.156] o.s.web.servlet.DispatcherServlet        : Completed initialization in 1 ms
2024-09-09T10:27:49.992+09:00  INFO 21840 --- [Eureka-EvictionTimer] c.n.e.registry.AbstractInstanceRegistry  : Running the evict task with compensationTime 0ms
2024-09-09T10:28:49.993+09:00  INFO 21840 --- [Eureka-EvictionTimer] c.n.e.registry.AbstractInstanceRegistry  : Running the evict task with compensationTime 0ms
2024-09-09T10:29:49.994+09:00  INFO 21840 --- [Eureka-EvictionTimer] c.n.e.registry.AbstractInstanceRegistry  : Running the evict task with compensationTime 0ms
2024-09-09T10:30:49.996+09:00  INFO 21840 --- [Eureka-EvictionTimer] c.n.e.registry.AbstractInstanceRegistry  : Running the evict task with compensationTime 2ms
2024-09-09T10:31:12.026+09:00  INFO 21840 --- [SpringApplicationShutdownHook] o.s.c.n.e.s.EurekaServiceRegistry        : Unregistering application EUREKA-SERVER with eureka with status DOWN
2024-09-09T10:31:12.055+09:00  INFO 21840 --- [SpringApplicationShutdownHook] o.s.c.n.e.server.EurekaServerBootstrap   : Shutting down Eureka Server..
2024-09-09T10:31:12.059+09:00  INFO 21840 --- [SpringApplicationShutdownHook] c.n.eureka.DefaultEurekaServerContext    : Shutting down ...
2024-09-09T10:31:12.065+09:00  INFO 21840 --- [SpringApplicationShutdownHook] c.n.eureka.DefaultEurekaServerContext    : Shut down
2024-09-09T10:31:12.065+09:00  INFO 21840 --- [SpringApplicationShutdownHook] o.s.c.n.e.server.EurekaServerBootstrap   : Eureka Service is now shutdown...
2024-09-09T10:31:12.065+09:00  INFO 21840 --- [SpringApplicationShutdownHook] c.n.eureka.DefaultEurekaServerContext    : Shutting down ...
2024-09-09T10:31:12.068+09:00  INFO 21840 --- [SpringApplicationShutdownHook] c.n.eureka.DefaultEurekaServerContext    : Shut down
2024-09-09T10:31:12.072+09:00  INFO 21840 --- [SpringApplicationShutdownHook] com.netflix.discovery.DiscoveryClient    : Shutting down DiscoveryClient ...
2024-09-09T10:31:12.073+09:00  INFO 21840 --- [SpringApplicationShutdownHook] com.netflix.discovery.DiscoveryClient    : Completed shut down of DiscoveryClient
2024-09-09T10:31:34.428+09:00  INFO 22272 --- [main] o.m.e.EurekaServerApplication            : The following 1 profile is active: "local"
2024-09-09T10:31:34.955+09:00  INFO 22272 --- [main] o.s.cloud.context.scope.GenericScope     : BeanFactory id=0a912fd3-4def-3945-aeaa-399f6073ed6f
2024-09-09T10:31:35.111+09:00  INFO 22272 --- [main] o.s.b.w.embedded.tomcat.TomcatWebServer  : Tomcat initialized with port(s): 8761 (http)
2024-09-09T10:31:35.120+09:00  INFO 22272 --- [main] o.apache.catalina.core.StandardService   : Starting service [Tomcat]
2024-09-09T10:31:35.121+09:00  INFO 22272 --- [main] o.apache.catalina.core.StandardEngine    : Starting Servlet engine: [Apache Tomcat/10.1.5]
2024-09-09T10:31:35.204+09:00  INFO 22272 --- [main] o.a.c.c.C.[Tomcat].[localhost].[/]       : Initializing Spring embedded WebApplicationContext
2024-09-09T10:31:35.204+09:00  INFO 22272 --- [main] w.s.c.ServletWebServerApplicationContext : Root WebApplicationContext: initialization completed in 766 ms
2024-09-09T10:31:35.771+09:00  INFO 22272 --- [main] c.n.d.provider.DiscoveryJerseyProvider   : Using JSON encoding codec LegacyJacksonJson
2024-09-09T10:31:35.772+09:00  INFO 22272 --- [main] c.n.d.provider.DiscoveryJerseyProvider   : Using JSON decoding codec LegacyJacksonJson
2024-09-09T10:31:35.886+09:00  INFO 22272 --- [main] c.n.d.provider.DiscoveryJerseyProvider   : Using XML encoding codec XStreamXml
2024-09-09T10:31:35.886+09:00  INFO 22272 --- [main] c.n.d.provider.DiscoveryJerseyProvider   : Using XML decoding codec XStreamXml
2024-09-09T10:31:36.514+09:00  INFO 22272 --- [main] DiscoveryClientOptionalArgsConfiguration : Eureka HTTP Client uses RestTemplate.
2024-09-09T10:31:36.539+09:00  WARN 22272 --- [main] iguration$LoadBalancerCaffeineWarnLogger : Spring Cloud LoadBalancer is currently working with the default cache. While this cache implementation is useful for development and tests, it's recommended to use Caffeine cache in production.You can switch to using Caffeine cache, by adding it and org.springframework.cache.caffeine.CaffeineCacheManager to the classpath.
2024-09-09T10:31:36.552+09:00  INFO 22272 --- [main] o.s.c.n.eureka.InstanceInfoFactory       : Setting initial instance status as: STARTING
2024-09-09T10:31:36.572+09:00  INFO 22272 --- [main] com.netflix.discovery.DiscoveryClient    : Initializing Eureka in region us-east-1
2024-09-09T10:31:36.572+09:00  INFO 22272 --- [main] com.netflix.discovery.DiscoveryClient    : Client configured to neither register nor query for data.
2024-09-09T10:31:36.579+09:00  INFO 22272 --- [main] com.netflix.discovery.DiscoveryClient    : Discovery Client initialized at timestamp 1725845496578 with initial instances count: 0
2024-09-09T10:31:36.603+09:00  INFO 22272 --- [main] c.n.eureka.DefaultEurekaServerContext    : Initializing ...
2024-09-09T10:31:36.605+09:00  WARN 22272 --- [main] c.n.eureka.cluster.PeerEurekaNodes       : The replica size seems to be empty. Check the route 53 DNS Registry
2024-09-09T10:31:36.615+09:00  INFO 22272 --- [main] c.n.e.registry.AbstractInstanceRegistry  : Finished initializing remote region registries. All known remote regions: []
2024-09-09T10:31:36.616+09:00  INFO 22272 --- [main] c.n.eureka.DefaultEurekaServerContext    : Initialized
2024-09-09T10:31:36.621+09:00  INFO 22272 --- [main] o.s.b.a.e.web.EndpointLinksResolver      : Exposing 1 endpoint(s) beneath base path '/actuator'
2024-09-09T10:31:36.664+09:00  INFO 22272 --- [main] o.s.c.n.e.s.EurekaServiceRegistry        : Registering application EUREKA-SERVER with eureka with status UP
2024-09-09T10:31:36.673+09:00  INFO 22272 --- [Thread-10] o.s.c.n.e.server.EurekaServerBootstrap   : isAws returned false
2024-09-09T10:31:36.675+09:00  INFO 22272 --- [Thread-10] o.s.c.n.e.server.EurekaServerBootstrap   : Initialized server context
2024-09-09T10:31:36.675+09:00  INFO 22272 --- [Thread-10] c.n.e.r.PeerAwareInstanceRegistryImpl    : Got 1 instances from neighboring DS node
2024-09-09T10:31:36.675+09:00  INFO 22272 --- [Thread-10] c.n.e.r.PeerAwareInstanceRegistryImpl    : Renew threshold is: 1
2024-09-09T10:31:36.675+09:00  INFO 22272 --- [Thread-10] c.n.e.r.PeerAwareInstanceRegistryImpl    : Changing status to UP
2024-09-09T10:31:36.680+09:00  INFO 22272 --- [Thread-10] e.s.EurekaServerInitializerConfiguration : Started Eureka Server
2024-09-09T10:31:36.682+09:00  INFO 22272 --- [main] o.s.b.w.embedded.tomcat.TomcatWebServer  : Tomcat started on port(s): 8761 (http) with context path ''
2024-09-09T10:31:36.683+09:00  INFO 22272 --- [main] .s.c.n.e.s.EurekaAutoServiceRegistration : Updating port to 8761
2024-09-09T10:31:36.761+09:00  INFO 22272 --- [main] o.m.e.EurekaServerApplication            : Started EurekaServerApplication in 3.312 seconds (process running for 3.746)
2024-09-09T10:31:37.215+09:00  INFO 22272 --- [RMI TCP Connection(2)-172.16.10.156] o.a.c.c.C.[Tomcat].[localhost].[/]       : Initializing Spring DispatcherServlet 'dispatcherServlet'
2024-09-09T10:31:37.215+09:00  INFO 22272 --- [RMI TCP Connection(2)-172.16.10.156] o.s.web.servlet.DispatcherServlet        : Initializing Servlet 'dispatcherServlet'
2024-09-09T10:31:37.217+09:00  INFO 22272 --- [RMI TCP Connection(2)-172.16.10.156] o.s.web.servlet.DispatcherServlet        : Completed initialization in 2 ms
2024-09-09T10:32:36.675+09:00  INFO 22272 --- [Eureka-EvictionTimer] c.n.e.registry.AbstractInstanceRegistry  : Running the evict task with compensationTime 0ms
2024-09-09T10:33:36.675+09:00  INFO 22272 --- [Eureka-EvictionTimer] c.n.e.registry.AbstractInstanceRegistry  : Running the evict task with compensationTime 0ms
2024-09-09T10:34:36.681+09:00  INFO 22272 --- [Eureka-EvictionTimer] c.n.e.registry.AbstractInstanceRegistry  : Running the evict task with compensationTime 5ms
2024-09-09T10:35:36.680+09:00  INFO 22272 --- [Eureka-EvictionTimer] c.n.e.registry.AbstractInstanceRegistry  : Running the evict task with compensationTime 0ms
2024-09-09T10:36:36.680+09:00  INFO 22272 --- [Eureka-EvictionTimer] c.n.e.registry.AbstractInstanceRegistry  : Running the evict task with compensationTime 0ms
2024-09-09T10:37:36.695+09:00  INFO 22272 --- [Eureka-EvictionTimer] c.n.e.registry.AbstractInstanceRegistry  : Running the evict task with compensationTime 15ms
2024-09-09T10:38:36.696+09:00  INFO 22272 --- [Eureka-EvictionTimer] c.n.e.registry.AbstractInstanceRegistry  : Running the evict task with compensationTime 0ms
2024-09-09T10:39:36.697+09:00  INFO 22272 --- [Eureka-EvictionTimer] c.n.e.registry.AbstractInstanceRegistry  : Running the evict task with compensationTime 0ms
2024-09-09T10:40:36.697+09:00  INFO 22272 --- [Eureka-EvictionTimer] c.n.e.registry.AbstractInstanceRegistry  : Running the evict task with compensationTime 0ms
2024-09-09T10:41:36.616+09:00  WARN 22272 --- [Eureka-PeerNodesUpdater] c.n.eureka.cluster.PeerEurekaNodes       : The replica size seems to be empty. Check the route 53 DNS Registry
2024-09-09T10:41:36.711+09:00  INFO 22272 --- [Eureka-EvictionTimer] c.n.e.registry.AbstractInstanceRegistry  : Running the evict task with compensationTime 13ms
2024-09-09T10:42:36.718+09:00  INFO 22272 --- [Eureka-EvictionTimer] c.n.e.registry.AbstractInstanceRegistry  : Running the evict task with compensationTime 7ms
2024-09-09T10:43:36.724+09:00  INFO 22272 --- [Eureka-EvictionTimer] c.n.e.registry.AbstractInstanceRegistry  : Running the evict task with compensationTime 6ms
2024-09-09T10:44:36.724+09:00  INFO 22272 --- [Eureka-EvictionTimer] c.n.e.registry.AbstractInstanceRegistry  : Running the evict task with compensationTime 0ms
2024-09-09T10:45:36.725+09:00  INFO 22272 --- [Eureka-EvictionTimer] c.n.e.registry.AbstractInstanceRegistry  : Running the evict task with compensationTime 0ms
2024-09-09T10:46:36.616+09:00  INFO 22272 --- [ReplicaAwareInstanceRegistry - RenewalThresholdUpdater] c.n.e.r.PeerAwareInstanceRegistryImpl    : Current renewal threshold is : 1
2024-09-09T10:46:36.725+09:00  INFO 22272 --- [Eureka-EvictionTimer] c.n.e.registry.AbstractInstanceRegistry  : Running the evict task with compensationTime 0ms
2024-09-09T10:47:36.726+09:00  INFO 22272 --- [Eureka-EvictionTimer] c.n.e.registry.AbstractInstanceRegistry  : Running the evict task with compensationTime 0ms
2024-09-09T10:48:36.727+09:00  INFO 22272 --- [Eureka-EvictionTimer] c.n.e.registry.AbstractInstanceRegistry  : Running the evict task with compensationTime 0ms
2024-09-09T10:49:32.574+09:00  INFO 22272 --- [SpringApplicationShutdownHook] o.s.c.n.e.s.EurekaServiceRegistry        : Unregistering application EUREKA-SERVER with eureka with status DOWN
2024-09-09T10:49:32.596+09:00  INFO 22272 --- [SpringApplicationShutdownHook] o.s.c.n.e.server.EurekaServerBootstrap   : Shutting down Eureka Server..
2024-09-09T10:49:32.600+09:00  INFO 22272 --- [SpringApplicationShutdownHook] c.n.eureka.DefaultEurekaServerContext    : Shutting down ...
2024-09-09T10:49:32.606+09:00  INFO 22272 --- [SpringApplicationShutdownHook] c.n.eureka.DefaultEurekaServerContext    : Shut down
2024-09-09T10:49:32.606+09:00  INFO 22272 --- [SpringApplicationShutdownHook] o.s.c.n.e.server.EurekaServerBootstrap   : Eureka Service is now shutdown...
2024-09-09T10:49:32.607+09:00  INFO 22272 --- [SpringApplicationShutdownHook] c.n.eureka.DefaultEurekaServerContext    : Shutting down ...
2024-09-09T10:49:32.610+09:00  INFO 22272 --- [SpringApplicationShutdownHook] c.n.eureka.DefaultEurekaServerContext    : Shut down
2024-09-09T10:49:32.614+09:00  INFO 22272 --- [SpringApplicationShutdownHook] com.netflix.discovery.DiscoveryClient    : Shutting down DiscoveryClient ...
2024-09-09T10:49:32.615+09:00  INFO 22272 --- [SpringApplicationShutdownHook] com.netflix.discovery.DiscoveryClient    : Completed shut down of DiscoveryClient
2024-09-09T11:45:33.296+09:00  INFO 7396 --- [main] o.m.e.EurekaServerApplication            : The following 1 profile is active: "local"
2024-09-09T11:45:33.852+09:00  INFO 7396 --- [main] o.s.cloud.context.scope.GenericScope     : BeanFactory id=0a912fd3-4def-3945-aeaa-399f6073ed6f
2024-09-09T11:45:34.015+09:00  INFO 7396 --- [main] o.s.b.w.embedded.tomcat.TomcatWebServer  : Tomcat initialized with port(s): 8761 (http)
2024-09-09T11:45:34.022+09:00  INFO 7396 --- [main] o.apache.catalina.core.StandardService   : Starting service [Tomcat]
2024-09-09T11:45:34.023+09:00  INFO 7396 --- [main] o.apache.catalina.core.StandardEngine    : Starting Servlet engine: [Apache Tomcat/10.1.5]
2024-09-09T11:45:34.106+09:00  INFO 7396 --- [main] o.a.c.c.C.[Tomcat].[localhost].[/]       : Initializing Spring embedded WebApplicationContext
2024-09-09T11:45:34.106+09:00  INFO 7396 --- [main] w.s.c.ServletWebServerApplicationContext : Root WebApplicationContext: initialization completed in 800 ms
2024-09-09T11:45:34.691+09:00  INFO 7396 --- [main] c.n.d.provider.DiscoveryJerseyProvider   : Using JSON encoding codec LegacyJacksonJson
2024-09-09T11:45:34.692+09:00  INFO 7396 --- [main] c.n.d.provider.DiscoveryJerseyProvider   : Using JSON decoding codec LegacyJacksonJson
2024-09-09T11:45:34.802+09:00  INFO 7396 --- [main] c.n.d.provider.DiscoveryJerseyProvider   : Using XML encoding codec XStreamXml
2024-09-09T11:45:34.802+09:00  INFO 7396 --- [main] c.n.d.provider.DiscoveryJerseyProvider   : Using XML decoding codec XStreamXml
2024-09-09T11:45:35.426+09:00  INFO 7396 --- [main] DiscoveryClientOptionalArgsConfiguration : Eureka HTTP Client uses RestTemplate.
2024-09-09T11:45:35.450+09:00  WARN 7396 --- [main] iguration$LoadBalancerCaffeineWarnLogger : Spring Cloud LoadBalancer is currently working with the default cache. While this cache implementation is useful for development and tests, it's recommended to use Caffeine cache in production.You can switch to using Caffeine cache, by adding it and org.springframework.cache.caffeine.CaffeineCacheManager to the classpath.
2024-09-09T11:45:35.462+09:00  INFO 7396 --- [main] o.s.c.n.eureka.InstanceInfoFactory       : Setting initial instance status as: STARTING
2024-09-09T11:45:35.479+09:00  INFO 7396 --- [main] com.netflix.discovery.DiscoveryClient    : Initializing Eureka in region us-east-1
2024-09-09T11:45:35.480+09:00  INFO 7396 --- [main] com.netflix.discovery.DiscoveryClient    : Client configured to neither register nor query for data.
2024-09-09T11:45:35.485+09:00  INFO 7396 --- [main] com.netflix.discovery.DiscoveryClient    : Discovery Client initialized at timestamp 1725849935485 with initial instances count: 0
2024-09-09T11:45:35.509+09:00  INFO 7396 --- [main] c.n.eureka.DefaultEurekaServerContext    : Initializing ...
2024-09-09T11:45:35.510+09:00  WARN 7396 --- [main] c.n.eureka.cluster.PeerEurekaNodes       : The replica size seems to be empty. Check the route 53 DNS Registry
2024-09-09T11:45:35.521+09:00  INFO 7396 --- [main] c.n.e.registry.AbstractInstanceRegistry  : Finished initializing remote region registries. All known remote regions: []
2024-09-09T11:45:35.522+09:00  INFO 7396 --- [main] c.n.eureka.DefaultEurekaServerContext    : Initialized
2024-09-09T11:45:35.526+09:00  INFO 7396 --- [main] o.s.b.a.e.web.EndpointLinksResolver      : Exposing 1 endpoint(s) beneath base path '/actuator'
2024-09-09T11:45:35.566+09:00  INFO 7396 --- [main] o.s.c.n.e.s.EurekaServiceRegistry        : Registering application EUREKA-SERVER with eureka with status UP
2024-09-09T11:45:35.574+09:00  INFO 7396 --- [Thread-10] o.s.c.n.e.server.EurekaServerBootstrap   : isAws returned false
2024-09-09T11:45:35.575+09:00  INFO 7396 --- [Thread-10] o.s.c.n.e.server.EurekaServerBootstrap   : Initialized server context
2024-09-09T11:45:35.576+09:00  INFO 7396 --- [Thread-10] c.n.e.r.PeerAwareInstanceRegistryImpl    : Got 1 instances from neighboring DS node
2024-09-09T11:45:35.576+09:00  INFO 7396 --- [Thread-10] c.n.e.r.PeerAwareInstanceRegistryImpl    : Renew threshold is: 1
2024-09-09T11:45:35.576+09:00  INFO 7396 --- [Thread-10] c.n.e.r.PeerAwareInstanceRegistryImpl    : Changing status to UP
2024-09-09T11:45:35.581+09:00  INFO 7396 --- [Thread-10] e.s.EurekaServerInitializerConfiguration : Started Eureka Server
2024-09-09T11:45:35.584+09:00  INFO 7396 --- [main] o.s.b.w.embedded.tomcat.TomcatWebServer  : Tomcat started on port(s): 8761 (http) with context path ''
2024-09-09T11:45:35.585+09:00  INFO 7396 --- [main] .s.c.n.e.s.EurekaAutoServiceRegistration : Updating port to 8761
2024-09-09T11:45:35.658+09:00  INFO 7396 --- [main] o.m.e.EurekaServerApplication            : Started EurekaServerApplication in 3.373 seconds (process running for 3.773)
2024-09-09T11:45:36.096+09:00  INFO 7396 --- [RMI TCP Connection(2)-172.16.10.156] o.a.c.c.C.[Tomcat].[localhost].[/]       : Initializing Spring DispatcherServlet 'dispatcherServlet'
2024-09-09T11:45:36.096+09:00  INFO 7396 --- [RMI TCP Connection(2)-172.16.10.156] o.s.web.servlet.DispatcherServlet        : Initializing Servlet 'dispatcherServlet'
2024-09-09T11:45:36.098+09:00  INFO 7396 --- [RMI TCP Connection(2)-172.16.10.156] o.s.web.servlet.DispatcherServlet        : Completed initialization in 2 ms
2024-09-09T11:45:52.072+09:00  INFO 7396 --- [http-nio-8761-exec-2] c.n.e.registry.AbstractInstanceRegistry  : Registered instance ITEM-SERVICE/DESKTOP-VEAI621.mshome.net:item-service:5000 with status UP (replication=false)
2024-09-09T11:46:35.577+09:00  INFO 7396 --- [Eureka-EvictionTimer] c.n.e.registry.AbstractInstanceRegistry  : Running the evict task with compensationTime 0ms
2024-09-09T11:46:59.176+09:00  INFO 7396 --- [http-nio-8761-exec-6] c.n.e.registry.AbstractInstanceRegistry  : Registered instance ITEM-SERVICE/DESKTOP-VEAI621.mshome.net:item-service:5000 with status DOWN (replication=false)
2024-09-09T11:47:02.257+09:00  INFO 7396 --- [http-nio-8761-exec-8] c.n.e.registry.AbstractInstanceRegistry  : Cancelled instance ITEM-SERVICE/DESKTOP-VEAI621.mshome.net:item-service:5000 (replication=false)
